<?xml version="1.0" encoding="UTF-8"?>
<testsuite xmlns:xsi="http://www.w3.org/2001/XMLSchema-instance" xsi:noNamespaceSchemaLocation="https://maven.apache.org/surefire/maven-surefire-plugin/xsd/surefire-test-report.xsd" name="test.Runner" time="0.634" tests="1" errors="0" skipped="1" failures="0">
  <properties>
[...]
</properties>
  <testcase name="User should be able to login with valid credentials" classname="Techfios Other billing login page functionality validation" time="0">
    <skipped message="This scenario is skipped"/>
    <system-out><![CDATA[
Scenario Outline: User should be able to login with valid credentials          # src/test/resources/features/login.feature:26
  Given User is on the techfios login page                                     # step.LoginStepDefinition.user_is_on_the_techfios_login_page()
  When User enters the "demo@techfios.com" in the "username" field             # step.LoginStepDefinition.user_enters_the_in_the_field(java.lang.String,java.lang.String)
  When User enters the "abc123" in the "password" field                        # step.LoginStepDefinition.user_enters_the_in_the_field(java.lang.String,java.lang.String)
  And User clicks on "login"                                                   # step.LoginStepDefinition.user_clicks_on_login(java.lang.String)
  Then User should land on Dashboard page                                      # step.LoginStepDefinition.user_should_land_on_Dashboard_page()
  And User clicks on "bankCash"                                                # step.LoginStepDefinition.user_clicks_on_login(java.lang.String)
  And User clicks on "newAccount"                                              # step.LoginStepDefinition.user_clicks_on_login(java.lang.String)
  And User enters "Bamboo Title" in the "accountTitle" field in accounts page  # step.LoginStepDefinition.user_enters_in_the_field_in_accounts_page(java.lang.String,java.lang.String)
  And User enters "Bamboo Deposit" in the "description" field in accounts page # step.LoginStepDefinition.user_enters_in_the_field_in_accounts_page(java.lang.String,java.lang.String)
  And User enters "10000" in the "initialBalance" field in accounts page       # step.LoginStepDefinition.user_enters_in_the_field_in_accounts_page(java.lang.String,java.lang.String)
  And User enters "963696369" in the "accountNumber" field in accounts page    # step.LoginStepDefinition.user_enters_in_the_field_in_accounts_page(java.lang.String,java.lang.String)
  And User enters "Anup" in the "contactPerson" field in accounts page         # step.LoginStepDefinition.user_enters_in_the_field_in_accounts_page(java.lang.String,java.lang.String)
  And User enters "0123456789" in the "Phone" field in accounts page           # step.LoginStepDefinition.user_enters_in_the_field_in_accounts_page(java.lang.String,java.lang.String)
  And User clicks on "submit"                                                  # step.LoginStepDefinition.user_clicks_on_login(java.lang.String)
  Then User should be able to validate account created successfully            # step.LoginStepDefinition.user_should_be_able_to_validate_account_created_successfully()
]]></system-out>
    <system-err><![CDATA[Nov 23, 2023 2:48:20 AM io.cucumber.junit.Cucumber <init>
WARNING: By default Cucumber is running in --non-strict mode.
This default will change to --strict and --non-strict will be removed.
You can use --strict or @CucumberOptions(strict = true) to suppress this warning
]]></system-err>
  </testcase>
</testsuite>